0 info it worked if it ends with ok
1 verbose cli [ '/usr/bin/nodejs', '/usr/bin/npm', 'start' ]
2 info using npm@4.0.2
3 info using node@v6.9.1
4 verbose run-script [ 'prestart', 'start', 'poststart' ]
5 info lifecycle clementinejs@1.0.2~prestart: clementinejs@1.0.2
6 silly lifecycle clementinejs@1.0.2~prestart: no script for prestart, continuing
7 info lifecycle clementinejs@1.0.2~start: clementinejs@1.0.2
8 verbose lifecycle clementinejs@1.0.2~start: unsafe-perm in lifecycle true
9 verbose lifecycle clementinejs@1.0.2~start: PATH: /usr/lib/node_modules/npm/bin/node-gyp-bin:/home/eric/timeservice/node_modules/.bin:/usr/local/heroku/bin:/home/eric/bin:/home/eric/.local/bin:/usr/local/sbin:/usr/local/bin:/usr/sbin:/usr/bin:/sbin:/bin:/usr/games:/usr/local/games:/snap/bin
10 verbose lifecycle clementinejs@1.0.2~start: CWD: /home/eric/timeservice
11 silly lifecycle clementinejs@1.0.2~start: Args: [ '-c', 'gulp' ]
12 info lifecycle clementinejs@1.0.2~start: Failed to exec start script
13 verbose stack Error: clementinejs@1.0.2 start: `gulp`
13 verbose stack spawn ENOENT
13 verbose stack     at ChildProcess.<anonymous> (/usr/lib/node_modules/npm/lib/utils/spawn.js:33:16)
13 verbose stack     at emitTwo (events.js:106:13)
13 verbose stack     at ChildProcess.emit (events.js:191:7)
13 verbose stack     at maybeClose (internal/child_process.js:877:16)
13 verbose stack     at Process.ChildProcess._handle.onexit (internal/child_process.js:226:5)
14 verbose pkgid clementinejs@1.0.2
15 verbose cwd /home/eric/timeservice
16 error Linux 4.4.0-51-generic
17 error argv "/usr/bin/nodejs" "/usr/bin/npm" "start"
18 error node v6.9.1
19 error npm  v4.0.2
20 error file sh
21 error code ELIFECYCLE
22 error errno ENOENT
23 error syscall spawn
24 error clementinejs@1.0.2 start: `gulp`
24 error spawn ENOENT
25 error Failed at the clementinejs@1.0.2 start script 'gulp'.
25 error Make sure you have the latest version of node.js and npm installed.
25 error If you do, this is most likely a problem with the clementinejs package,
25 error not with npm itself.
25 error Tell the author that this fails on your system:
25 error     gulp
25 error You can get information on how to open an issue for this project with:
25 error     npm bugs clementinejs
25 error Or if that isn't available, you can get their info via:
25 error     npm owner ls clementinejs
25 error There is likely additional logging output above.
26 verbose exit [ 1, true ]
